Loaded dataset: imdb
Dataset({
    features: ['text', 'label'],
    num_rows: 25000
})
Loaded dataset: amazon_polarity
Dataset({
    features: ['label', 'title', 'content', 'text'],
    num_rows: 3600000
})
Loaded dataset: ag_news
Dataset({
    features: ['text', 'label'],
    num_rows: 120000
})
Loaded dataset: dbpedia_14
Dataset({
    features: ['label', 'title', 'content', 'text'],
    num_rows: 560000
})
Loaded dataset: super_glue/copa
Dataset({
    features: ['text', 'text1', 'text2', 'question', 'idx', 'label'],
    num_rows: 400
})
Loaded dataset: super_glue/rte
Dataset({
    features: ['text', 'text1', 'idx', 'label'],
    num_rows: 2490
})
Loaded dataset: boolq
Dataset({
    features: ['text1', 'label', 'text'],
    num_rows: 9427
})
Loaded dataset: glue/qnli
Dataset({
    features: ['text', 'text1', 'label', 'idx'],
    num_rows: 104743
})
Loaded dataset: piqa
Dataset({
    features: ['text', 'text1', 'text2', 'label'],
    num_rows: 16113
})
Loaded dataset: chenxwh/gen-storycloze
Dataset({
    features: ['story_id', 'input_sentence_1', 'input_sentence_2', 'input_sentence_3', 'input_sentence_4', 'text', 'text1', 'text2', 'answer_right_ending', 'text_right_ending', 'text_wrong_ending', 'label'],
    num_rows: 1785
})
Models loaded successfully!
 **** Loaded model:  deberta
 *** Training on  imdb  and testing on  imdb
loaded data
Memory used, total: 2.92 GB
